<?xml version="1.0" encoding="UTF-8"?>
<!-- Generated by org.testng.reporters.JUnitReportReporter -->
<testsuite skipped="0" hostname="DESKTOP-VI8B0M9" name="PracticeBDD.Julypractice.GetCookies" tests="1" failures="0" timestamp="2023-09-10T22:04:45 IST" time="19.530" errors="0">
  <testcase name="GetCookie" time="19.530" classname="PracticeBDD.Julypractice.GetCookies"/>
  <system-out/>
</testsuite> <!-- PracticeBDD.Julypractice.GetCookies -->
