<?xml version="1.0" encoding="UTF-8"?>
<!-- Generated by org.testng.reporters.JUnitReportReporter -->
<testsuite skipped="0" hostname="DESKTOP-VI8B0M9" name="PracticeBDD.Julypractice.Matrix" tests="1" failures="0" timestamp="2023-09-23T12:31:25 IST" time="0.008" errors="0">
  <testcase name="Pascal" time="0.008" classname="PracticeBDD.Julypractice.Matrix"/>
  <system-out/>
</testsuite> <!-- PracticeBDD.Julypractice.Matrix -->
