<?xml version="1.0" encoding="UTF-8"?>
<!-- Generated by org.testng.reporters.JUnitReportReporter -->
<testsuite skipped="1" hostname="DESKTOP-VI8B0M9" name="PracticeBDD.Julypractice.KeyBoardAction" tests="2" failures="0" timestamp="2023-09-10T22:41:36 IST" time="50.289" errors="0">
  <testcase name="B" time="50.289" classname="PracticeBDD.Julypractice.KeyBoardAction"/>
  <system-out/>
  <testcase name="A" classname="PracticeBDD.Julypractice.KeyBoardAction">
    <skipped/>
  </testcase> <!-- A -->
  <system-out/>
</testsuite> <!-- PracticeBDD.Julypractice.KeyBoardAction -->
