<?xml version="1.0" encoding="UTF-8"?>
<!-- Generated by org.testng.reporters.JUnitReportReporter -->
<testsuite skipped="0" hostname="DESKTOP-VI8B0M9" name="PracticeBDD.Julypractice.DropDown" tests="1" failures="0" timestamp="2023-09-12T00:41:32 IST" time="33.670" errors="0">
  <testcase name="Robot" time="33.670" classname="PracticeBDD.Julypractice.DropDown"/>
  <system-out/>
</testsuite> <!-- PracticeBDD.Julypractice.DropDown -->
